IQ-TREE version 3.1.2 for MacOS ARM 64-bit built May  7 2026
Developed by Bui Quang Minh, Thomas Wong, Nhan Ly-Trong, Huaiyan Ren
Contributed by Lam-Tung Nguyen, Dominik Schrempf, Chris Bielow,
Olga Chernomor, Michael Woodhams, Diep Thi Hoang, Heiko Schmidt

Host:    SCI1031969 (SSE4.2, 24 GB RAM)
Command: bin/iqtree3 -p workshop --prefix Ophio_nucl -m MFP+MERGE -B 1000 --alrt 1000
Seed:    963265 (Using SPRNG - Scalable Parallel Random Number Generator)
Time:    Fri Jun  5 21:19:47 2026
Kernel:  SSE2 - 1 threads (14 CPU cores detected)

HINT: Use -nt option to specify number of threads because your CPU has 14 cores!
HINT: -nt AUTO will automatically determine the best number of threads to use.

Reading 2 alignment files in directory workshop
Reading alignment file workshop/TEF_trimmed.fna ... Fasta format detected
Reading fasta file: done in 0.000432014 secs using 30.55% CPU
Alignment most likely contains DNA/RNA sequences
Constructing alignment: done in 0.00036478 secs using 52.36% CPU
Alignment has 13 sequences with 816 columns, 228 distinct patterns
155 parsimony-informative, 89 singleton sites, 572 constant sites
                                             Gap/Ambiguity  Composition  p-value
Analyzing sequences: done in 7.15256e-06 secs using 83.89% CPU
   1  JPMA317                                        0.00%    passed     93.47%
   2  Tolypocladium_inflatum                         0.00%    passed     63.75%
   3  Tolypocladium_ophioglossoides                  0.00%    passed     97.86%
   4  Ophiocordyceps_ravenelii_OSC_110995_COL        9.19%    passed     94.72%
   5  Paraisaria_amazonica_HUA_186143_ORT            0.00%    passed     99.54%
   6  Paraisaria_amazonica_HUA_186136               13.60%    passed     94.26%
   7  Paraisaria_amazonica_HUA_186100                0.00%    passed     99.15%
   8  Ophiocordyceps_sobolifera_TNS_F18521_HEM       4.78%    passed     57.14%
   9  Ophiocordyceps_longissima_HMAS_199600_HEM      0.00%    passed     29.82%
  10  Ophiocordyceps_sphecocephala_OSC_110998_HYM    0.00%    passed     58.13%
  11  Ophiocordyceps_nutans_NBRC_100944_HEM          0.00%    failed      3.19%
  12  Ophiocordyceps_sinensis_EFCC_7287_LEP         30.15%    passed     94.23%
  13  Ophiocordyceps_unilateralis_OSC_128574_HYM     0.12%    passed     55.34%
****  TOTAL                                          4.45%  1 sequences failed composition chi2 test (p-value<5%; df=3)
Reading alignment file workshop/rpb1_trimmed.fna ... Fasta format detected
Reading fasta file: done in 9.39369e-05 secs using 87.29% CPU
Alignment most likely contains DNA/RNA sequences
Constructing alignment: done in 0.000257015 secs using 53.69% CPU
Alignment has 13 sequences with 573 columns, 218 distinct patterns
185 parsimony-informative, 55 singleton sites, 333 constant sites
                                             Gap/Ambiguity  Composition  p-value
Analyzing sequences: done in 6.91414e-06 secs using 86.78% CPU
   1  JPMA317                                        0.00%    passed     92.61%
   2  Tolypocladium_inflatum                         1.05%    passed     97.57%
   3  Tolypocladium_ophioglossoides                  0.52%    passed     30.07%
   4  Ophiocordyceps_ravenelii_OSC_110995_COL        2.62%    passed     72.51%
   5  Paraisaria_amazonica_HUA_186143_ORT            0.00%    passed     96.49%
   6  Paraisaria_amazonica_HUA_186136                0.00%    passed     92.61%
   7  Paraisaria_amazonica_HUA_186100                2.62%    passed     99.20%
   8  Ophiocordyceps_sobolifera_TNS_F18521_HEM       0.00%    failed      0.85%
   9  Ophiocordyceps_longissima_HMAS_199600_HEM      3.66%    failed      0.01%
  10  Ophiocordyceps_sphecocephala_OSC_110998_HYM    0.00%    failed      0.50%
  11  Ophiocordyceps_nutans_NBRC_100944_HEM          0.00%    passed     36.15%
  12  Ophiocordyceps_sinensis_EFCC_7287_LEP          0.00%    passed     89.62%
  13  Ophiocordyceps_unilateralis_OSC_128574_HYM     0.00%    passed     19.19%
****  TOTAL                                          0.81%  3 sequences failed composition chi2 test (p-value<5%; df=3)
Subset	Type	Seqs	Sites	Infor	Invar	Model	Name
1		13	816	155	572		TEF_trimmed.fna
2		13	573	185	333		rpb1_trimmed.fna
Degree of missing data: 0.000



Create initial parsimony tree by phylogenetic likelihood library (PLL)... 0.001 seconds
Perform fast likelihood tree search using GTR+I+G model...
Estimate model parameters (epsilon = 5.000)
Initial log-likelihood: -6657.615
Current log-likelihood at step 1: -6335.239
Current log-likelihood at step 2: -6330.657
Parameters optimization took 1 rounds (0.033 sec)

Perform nearest neighbor interchange...
Estimate model parameters (epsilon = 1.000)
Initial log-likelihood: -6330.657
Current log-likelihood at step 1: -6330.531
Partition-specific rates:  0.784 1.307
Parameters optimization took 0 rounds (0.005 sec)

Time for fast ML tree search: 0.042 seconds

NOTE: ModelFinder requires 1 MB RAM!

PartitionFinder's parameters:
Fast Relaxed Algorithm
Percentage: 10.000
Maximum pairs: 20

Selecting individual models for 2 charsets using BIC...
 No. Model        Score       TreeLen     Charset
   1 GTR+F+I+G4   6705.161    0.875       TEF_trimmed.fna
   2 GTR+F+I+G4   6099.039    1.471       rpb1_trimmed.fna
Full partition model BIC score: 12978.991 (LnL: -6330.296  df:44)
Merging models to increase model fit (about 2 total partition schemes)...
   3 GTR+F+I+G4   12945.036   1.115       TEF_trimmed.fna+rpb1_trimmed.fna
Merging TEF_trimmed.fna+rpb1_trimmed.fna with BIC score: 12945.036 (LnL: -6353.118  df: 33)
Agglomerative model selection: (TEF_trimmed.fna,rpb1_trimmed.fna)1:12945
Merging into 1 partitions...
+I+R3 reinitialized from +I+R2 with factor 0.500
+I+R3 reinitialized from +I+R2 with factor 0.250
+I+R3 reinitialized from +I+R2 with factor 0.125
   4 TN+F+G4      12764.513   1.055       TEF_trimmed.fna+rpb1_trimmed.fna
Best partition model BIC score: 12923.713 (LnL: -6356.930  df:29)
Partition information was printed to Ophio_nucl.best_scheme.nex
Partition information in Raxml format was printed to Ophio_nucl.best_scheme

All model information printed to Ophio_nucl.model.gz
CPU time for ModelFinder: 0.676 seconds (0h:0m:0s)
Wall-clock time for ModelFinder: 0.686 seconds (0h:0m:0s)
Generating 1000 samples for ultrafast bootstrap (seed: 963265)...

NOTE: 2 MB RAM (0 GB) is required!
Estimate model parameters (epsilon = 0.100)
Initial log-likelihood: -6357.021
Current log-likelihood at step 1: -6356.824
Current log-likelihood at step 2: -6356.823
Partition-specific rates:  1.000
Parameters optimization took 1 rounds (0.005 sec)

Wrote distance file to... 
Computing ML distances based on estimated model parameters...
Calculating distance matrix: done in 2.59876e-05 secs using 46.18% CPU
Computing ML distances took 0.000192 sec (of wall-clock time) 0.000022 sec (of CPU time)
Setting up auxiliary I and S matrices: done in 1.00136e-05 secs using 79.89% CPU
Constructing RapidNJ tree: done in 1.62125e-05 secs using 80.19% CPU
Computing RapidNJ tree took 0.000045 sec (of wall-clock time) 0.000029 sec (of CPU time)
Log-likelihood of RapidNJ tree: -7189.398
--------------------------------------------------------------------
|             INITIALIZING CANDIDATE TREE SET                      |
--------------------------------------------------------------------
Generating 98 parsimony trees... 0.025 second
Computing log-likelihood of 95 initial trees ... 0.058 seconds
Current best score: -6356.823

Do NNI search on 20 best initial trees
Estimate model parameters (epsilon = 0.100)
Initial log-likelihood: -6356.823
Current log-likelihood at step 1: -6356.823
Parameters optimization took 0 rounds (0.002 sec)

BETTER TREE FOUND at iteration 1: -6356.823
UPDATE BEST LOG-LIKELIHOOD: -6356.821
Iteration 10 / LogL: -6356.824 / Time: 0h:0m:0s
Iteration 20 / LogL: -6356.871 / Time: 0h:0m:0s
Finish initializing candidate tree set (4)
Current best tree score: -6356.821 / CPU time: 0.261
Number of iterations: 20
--------------------------------------------------------------------
|               OPTIMIZING CANDIDATE TREE SET                      |
--------------------------------------------------------------------
Iteration 30 / LogL: -6361.220 / Time: 0h:0m:1s (0h:0m:0s left)
Iteration 40 / LogL: -6357.967 / Time: 0h:0m:1s (0h:0m:0s left)
Iteration 50 / LogL: -6357.944 / Time: 0h:0m:1s (0h:0m:0s left)
Log-likelihood cutoff on original alignment: -6384.321
Iteration 60 / LogL: -6357.805 / Time: 0h:0m:1s (0h:0m:0s left)
Iteration 70 / LogL: -6358.317 / Time: 0h:0m:1s (0h:0m:0s left)
Iteration 80 / LogL: -6357.810 / Time: 0h:0m:1s (0h:0m:0s left)
Iteration 90 / LogL: -6358.027 / Time: 0h:0m:1s (0h:0m:0s left)
Iteration 100 / LogL: -6356.873 / Time: 0h:0m:1s (0h:0m:0s left)
Log-likelihood cutoff on original alignment: -6384.874
NOTE: Bootstrap correlation coefficient of split occurrence frequencies: 1.000
TREE SEARCH COMPLETED AFTER 102 ITERATIONS / Time: 0h:0m:1s

--------------------------------------------------------------------
|                    FINALIZING TREE SEARCH                        |
--------------------------------------------------------------------
Performs final model parameters optimization
Estimate model parameters (epsilon = 0.010)
Initial log-likelihood: -6356.821
Current log-likelihood at step 1: -6356.820
Partition-specific rates:  1.000
Parameters optimization took 0 rounds (0.002 sec)

Partition information was printed to Ophio_nucl.best_model.nex
BEST SCORE FOUND : -6356.820

Testing tree branches by SH-like aLRT with 1000 replicates...
0.088 sec.
Creating bootstrap support values...
Split supports printed to NEXUS file Ophio_nucl.splits.nex
Total tree length: 1.050

Total number of iterations: 102
CPU time used for tree search: 1.136 sec (0h:0m:1s)
Wall-clock time used for tree search: 1.146 sec (0h:0m:1s)
Total CPU time used: 1.930 sec (0h:0m:1s)
Total wall-clock time used: 1.962 sec (0h:0m:1s)

Computing bootstrap consensus tree...
Reading input file Ophio_nucl.splits.nex...
13 taxa and 50 splits.
Consensus tree written to Ophio_nucl.contree
Reading input trees file Ophio_nucl.contree
Log-likelihood of consensus tree: -6356.824

Analysis results written to: 
  IQ-TREE report:                Ophio_nucl.iqtree
  Maximum-likelihood tree:       Ophio_nucl.treefile
  Likelihood distances:          Ophio_nucl.mldist
  Best partitioning scheme:      Ophio_nucl.best_scheme.nex

Ultrafast bootstrap approximation results written to:
  Split support values:          Ophio_nucl.splits.nex
  Consensus tree:                Ophio_nucl.contree
  Screen log file:               Ophio_nucl.log

Date and Time: Fri Jun  5 21:19:49 2026
